[0.602s] Invoking command in '/home/ahankins/git/cs560_project3/webots_ros2_project3_python': PYTHONPATH=/home/ahankins/git/cs560_project3/build/webots_ros2_project3_python/prefix_override:/usr/lib/python3/dist-packages/colcon_core/task/python/colcon_distutils_commands:/home/ahankins/git/cs560_project3/install/webots_ros2_project3_python/lib/python3.10/site-packages:${PYTHONPATH} /usr/bin/python3 -W ignore:setup.py install is deprecated setup.py egg_info --egg-base ../build/webots_ros2_project3_python build --build-base /home/ahankins/git/cs560_project3/build/webots_ros2_project3_python/build install --record /home/ahankins/git/cs560_project3/build/webots_ros2_project3_python/install.log --single-version-externally-managed install_data
[0.741s] running egg_info
[0.741s] creating ../build/webots_ros2_project3_python/webots_ros2_project3_python.egg-info
[0.742s] writing ../build/webots_ros2_project3_python/webots_ros2_project3_python.egg-info/PKG-INFO
[0.742s] writing dependency_links to ../build/webots_ros2_project3_python/webots_ros2_project3_python.egg-info/dependency_links.txt
[0.742s] writing entry points to ../build/webots_ros2_project3_python/webots_ros2_project3_python.egg-info/entry_points.txt
[0.742s] writing requirements to ../build/webots_ros2_project3_python/webots_ros2_project3_python.egg-info/requires.txt
[0.742s] writing top-level names to ../build/webots_ros2_project3_python/webots_ros2_project3_python.egg-info/top_level.txt
[0.742s] writing manifest file '../build/webots_ros2_project3_python/webots_ros2_project3_python.egg-info/SOURCES.txt'
[0.743s] reading manifest file '../build/webots_ros2_project3_python/webots_ros2_project3_python.egg-info/SOURCES.txt'
[0.746s] writing manifest file '../build/webots_ros2_project3_python/webots_ros2_project3_python.egg-info/SOURCES.txt'
[0.746s] running build
[0.746s] running build_py
[0.746s] creating /home/ahankins/git/cs560_project3/build/webots_ros2_project3_python/build
[0.746s] creating /home/ahankins/git/cs560_project3/build/webots_ros2_project3_python/build/lib
[0.746s] creating /home/ahankins/git/cs560_project3/build/webots_ros2_project3_python/build/lib/webots_ros2_project3_python
[0.746s] copying webots_ros2_project3_python/__init__.py -> /home/ahankins/git/cs560_project3/build/webots_ros2_project3_python/build/lib/webots_ros2_project3_python
[0.746s] copying webots_ros2_project3_python/webots_ros2_project3_python.py -> /home/ahankins/git/cs560_project3/build/webots_ros2_project3_python/build/lib/webots_ros2_project3_python
[0.746s] running install
[0.746s] running install_lib
[0.746s] creating /home/ahankins/git/cs560_project3/install/webots_ros2_project3_python/lib/python3.10/site-packages/webots_ros2_project3_python
[0.746s] copying /home/ahankins/git/cs560_project3/build/webots_ros2_project3_python/build/lib/webots_ros2_project3_python/__init__.py -> /home/ahankins/git/cs560_project3/install/webots_ros2_project3_python/lib/python3.10/site-packages/webots_ros2_project3_python
[0.746s] copying /home/ahankins/git/cs560_project3/build/webots_ros2_project3_python/build/lib/webots_ros2_project3_python/webots_ros2_project3_python.py -> /home/ahankins/git/cs560_project3/install/webots_ros2_project3_python/lib/python3.10/site-packages/webots_ros2_project3_python
[0.746s] byte-compiling /home/ahankins/git/cs560_project3/install/webots_ros2_project3_python/lib/python3.10/site-packages/webots_ros2_project3_python/__init__.py to __init__.cpython-310.pyc
[0.747s] byte-compiling /home/ahankins/git/cs560_project3/install/webots_ros2_project3_python/lib/python3.10/site-packages/webots_ros2_project3_python/webots_ros2_project3_python.py to webots_ros2_project3_python.cpython-310.pyc
[0.749s] running install_data
[0.749s] creating /home/ahankins/git/cs560_project3/install/webots_ros2_project3_python/share/ament_index
[0.749s] creating /home/ahankins/git/cs560_project3/install/webots_ros2_project3_python/share/ament_index/resource_index
[0.749s] creating /home/ahankins/git/cs560_project3/install/webots_ros2_project3_python/share/ament_index/resource_index/packages
[0.749s] copying resource/webots_ros2_project3_python -> /home/ahankins/git/cs560_project3/install/webots_ros2_project3_python/share/ament_index/resource_index/packages
[0.749s] creating /home/ahankins/git/cs560_project3/install/webots_ros2_project3_python/share/webots_ros2_project3_python/launch
[0.749s] copying launch/f23_robotics_1_launch.py -> /home/ahankins/git/cs560_project3/install/webots_ros2_project3_python/share/webots_ros2_project3_python/launch
[0.750s] creating /home/ahankins/git/cs560_project3/install/webots_ros2_project3_python/share/webots_ros2_project3_python/worlds
[0.750s] copying worlds/f23_robotics_1.wbt -> /home/ahankins/git/cs560_project3/install/webots_ros2_project3_python/share/webots_ros2_project3_python/worlds
[0.750s] copying worlds/maze1_smallest.wbt -> /home/ahankins/git/cs560_project3/install/webots_ros2_project3_python/share/webots_ros2_project3_python/worlds
[0.750s] copying worlds/maze.wbt -> /home/ahankins/git/cs560_project3/install/webots_ros2_project3_python/share/webots_ros2_project3_python/worlds
[0.750s] copying package.xml -> /home/ahankins/git/cs560_project3/install/webots_ros2_project3_python/share/webots_ros2_project3_python
[0.750s] creating /home/ahankins/git/cs560_project3/install/webots_ros2_project3_python/share/webots_ros2_project3_python/resource
[0.750s] copying resource/turtlebot_webots.urdf -> /home/ahankins/git/cs560_project3/install/webots_ros2_project3_python/share/webots_ros2_project3_python/resource
[0.750s] copying resource/ros2control.yml -> /home/ahankins/git/cs560_project3/install/webots_ros2_project3_python/share/webots_ros2_project3_python/resource
[0.750s] running install_egg_info
[0.750s] Copying ../build/webots_ros2_project3_python/webots_ros2_project3_python.egg-info to /home/ahankins/git/cs560_project3/install/webots_ros2_project3_python/lib/python3.10/site-packages/webots_ros2_project3_python-0.0.0-py3.10.egg-info
[0.751s] running install_scripts
[0.762s] Installing webots_ros2_project3_python script to /home/ahankins/git/cs560_project3/install/webots_ros2_project3_python/lib/webots_ros2_project3_python
[0.763s] writing list of installed files to '/home/ahankins/git/cs560_project3/build/webots_ros2_project3_python/install.log'
[0.777s] Invoked command in '/home/ahankins/git/cs560_project3/webots_ros2_project3_python' returned '0': PYTHONPATH=/home/ahankins/git/cs560_project3/build/webots_ros2_project3_python/prefix_override:/usr/lib/python3/dist-packages/colcon_core/task/python/colcon_distutils_commands:/home/ahankins/git/cs560_project3/install/webots_ros2_project3_python/lib/python3.10/site-packages:${PYTHONPATH} /usr/bin/python3 -W ignore:setup.py install is deprecated setup.py egg_info --egg-base ../build/webots_ros2_project3_python build --build-base /home/ahankins/git/cs560_project3/build/webots_ros2_project3_python/build install --record /home/ahankins/git/cs560_project3/build/webots_ros2_project3_python/install.log --single-version-externally-managed install_data
